\BOOKMARK [0][-]{Doc-Start}{Abstract}{}% 1
\BOOKMARK [0][-]{Doc-Start}{Acknowledgments}{}% 2
\BOOKMARK [0][-]{Doc-Start}{Notations}{}% 3
\BOOKMARK [0][-]{chapter*.1}{List of Tables}{}% 4
\BOOKMARK [0][-]{chapter*.2}{List of Figures}{}% 5
\BOOKMARK [0][-]{chapter.1}{Images and Blur}{}% 6
\BOOKMARK [1][-]{section.1.1}{Introduction}{chapter.1}% 7
\BOOKMARK [2][-]{subsection.1.1.1}{Organization}{section.1.1}% 8
\BOOKMARK [1][-]{section.1.2}{Modeling blur with a PSF}{chapter.1}% 9
\BOOKMARK [1][-]{section.1.3}{The Abel transform and a deterministic solution}{chapter.1}% 10
\BOOKMARK [1][-]{section.1.4}{PSF reconstruction as an ill-posed inverse problem}{chapter.1}% 11
\BOOKMARK [0][-]{chapter.2}{Reconstruction on the Continuum}{}% 12
\BOOKMARK [0][-]{chapter.3}{Computational Methods}{}% 13
\BOOKMARK [1][-]{section.3.1}{Discrete representation of the inference problem}{chapter.3}% 14
\BOOKMARK [2][-]{subsection.3.1.1}{The discrete hierarchical Bayesian model}{section.3.1}% 15
\BOOKMARK [2][-]{subsection.3.1.2}{The discrete posterior distribution}{section.3.1}% 16
\BOOKMARK [1][-]{section.3.2}{Markov Chain Monte Carlo estimation}{chapter.3}% 17
\BOOKMARK [2][-]{subsection.3.2.1}{Preliminaries}{section.3.2}% 18
\BOOKMARK [2][-]{subsection.3.2.2}{Gibbs sampling}{section.3.2}% 19
\BOOKMARK [2][-]{subsection.3.2.3}{The partially collapsed Gibbs sampler}{section.3.2}% 20
\BOOKMARK [1][-]{section.3.3}{Evaluating Convergence}{chapter.3}% 21
\BOOKMARK [2][-]{subsection.3.3.1}{Theoretical justification for partial collapse}{section.3.3}% 22
\BOOKMARK [2][-]{subsection.3.3.2}{Estimating Burn-in}{section.3.3}% 23
\BOOKMARK [2][-]{subsection.3.3.3}{Integrated Autocorrelation}{section.3.3}% 24
\BOOKMARK [0][-]{chapter.4}{Results}{}% 25
\BOOKMARK [0][-]{chapter.4}{Bibliography}{}% 26
